TN:
SF:src/index.js
FN:13,jmlToHTML
FN:30,textile
FNDA:0,jmlToHTML
FNDA:8,textile
FNF:2
FNH:1
BRDA:1,0,0,1
BRDA:30,1,0,8
BRF:2
BRH:2
DA:1,1
DA:2,1
DA:3,1
DA:4,1
DA:5,1
DA:6,1
DA:7,1
DA:8,1
DA:9,1
DA:10,1
DA:11,1
DA:12,1
DA:13,1
DA:14,0
DA:15,0
DA:16,1
DA:17,1
DA:18,1
DA:19,1
DA:20,1
DA:21,1
DA:22,1
DA:23,1
DA:24,1
DA:25,1
DA:26,1
DA:27,1
DA:28,1
DA:29,1
DA:30,1
DA:31,8
DA:32,8
DA:33,8
DA:34,8
DA:35,8
DA:36,8
DA:37,8
DA:38,8
DA:39,8
LH:37
LF:39
end_of_record
SF:src/textile/attr.js
FN:35,copyAttr
FN:48,testBlock
FN:77,parseAttr
FN:96,anonymous_3
FNDA:2,copyAttr
FNDA:8,testBlock
FNDA:22,parseAttr
FNDA:0,anonymous_3
FNF:4
FNH:3
BRDA:1,0,0,1
BRDA:35,1,0,1
BRDA:36,2,0,0
BRDA:40,3,0,2
BRDA:41,4,0,1
BRDA:48,5,0,8
BRDA:77,6,0,8
BRDA:79,7,0,0
BRDA:91,8,0,0
BRDA:91,9,0,0
BRDA:92,10,0,0
BRDA:94,11,0,16
BRDA:95,12,0,0
BRDA:106,13,0,0
BRDA:120,14,0,8
BRDA:123,15,0,0
BRDA:124,16,0,0
BRDA:126,17,0,0
BRDA:140,18,0,22
BRDA:141,19,0,2
BRDA:147,20,0,1
BRDA:149,21,0,0
BRDA:151,22,0,1
BRDA:152,23,0,0
BRDA:154,24,0,20
BRDA:154,25,0,8
BRDA:156,26,0,7
BRDA:159,27,0,12
BRDA:159,28,0,1
BRDA:162,29,0,0
BRDA:166,30,0,11
BRDA:167,31,0,5
BRDA:167,32,0,6
BRDA:173,33,0,8
BRDA:175,34,0,0
BRDA:175,35,0,8
BRDA:176,36,0,0
BRDA:181,37,0,0
BRDA:186,38,0,8
BRDA:189,39,0,0
BRDA:189,40,0,8
BRDA:190,41,0,0
BRDA:200,42,0,8
BRDA:203,43,0,0
BRDA:209,44,0,8
BRDA:210,45,0,0
BRDA:226,46,0,0
BRDA:229,47,0,0
BRDA:235,48,0,0
BRF:49
BRH:26
DA:1,1
DA:2,1
DA:3,1
DA:4,1
DA:5,1
DA:6,1
DA:7,1
DA:8,1
DA:9,1
DA:10,1
DA:11,1
DA:12,1
DA:13,1
DA:14,1
DA:15,1
DA:16,1
DA:17,1
DA:18,1
DA:19,1
DA:20,1
DA:21,1
DA:22,1
DA:23,1
DA:24,1
DA:25,1
DA:26,1
DA:27,1
DA:28,1
DA:29,1
DA:30,1
DA:31,1
DA:32,1
DA:33,1
DA:34,1
DA:35,1
DA:36,1
DA:37,0
DA:38,0
DA:39,1
DA:40,1
DA:41,2
DA:42,1
DA:43,1
DA:44,2
DA:45,1
DA:46,1
DA:47,1
DA:48,8
DA:49,8
DA:50,8
DA:51,8
DA:52,8
DA:53,8
DA:54,1
DA:55,1
DA:56,1
DA:57,1
DA:58,1
DA:59,1
DA:60,1
DA:61,1
DA:62,1
DA:63,1
DA:64,1
DA:65,1
DA:66,1
DA:67,1
DA:68,1
DA:69,1
DA:70,1
DA:71,1
DA:72,1
DA:73,1
DA:74,1
DA:75,1
DA:76,1
DA:77,8
DA:78,8
DA:79,8
DA:80,0
DA:81,0
DA:82,8
DA:83,8
DA:84,8
DA:85,8
DA:86,8
DA:87,8
DA:88,8
DA:89,8
DA:90,8
DA:91,8
DA:92,8
DA:93,8
DA:94,8
DA:95,16
DA:96,0
DA:97,0
DA:98,0
DA:99,0
DA:100,0
DA:101,0
DA:102,0
DA:103,0
DA:104,0
DA:105,16
DA:106,16
DA:107,0
DA:108,0
DA:109,0
DA:110,0
DA:111,0
DA:112,0
DA:113,0
DA:114,0
DA:115,0
DA:116,0
DA:117,0
DA:118,0
DA:119,16
DA:120,16
DA:121,8
DA:122,8
DA:123,8
DA:124,8
DA:125,8
DA:126,8
DA:127,0
DA:128,8
DA:129,8
DA:130,8
DA:131,8
DA:132,8
DA:133,8
DA:134,8
DA:135,8
DA:136,8
DA:137,8
DA:138,8
DA:139,8
DA:140,8
DA:141,22
DA:142,2
DA:143,2
DA:144,2
DA:145,2
DA:146,2
DA:147,2
DA:148,1
DA:149,1
DA:150,1
DA:151,2
DA:152,1
DA:153,1
DA:154,22
DA:155,8
DA:156,8
DA:157,7
DA:158,7
DA:159,20
DA:160,1
DA:161,1
DA:162,1
DA:163,1
DA:164,1
DA:165,1
DA:166,12
DA:167,11
DA:168,11
DA:169,22
DA:170,8
DA:171,8
DA:172,8
DA:173,8
DA:174,8
DA:175,16
DA:176,8
DA:177,0
DA:178,0
DA:179,0
DA:180,0
DA:181,8
DA:182,0
DA:183,0
DA:184,0
DA:185,0
DA:186,8
DA:187,8
DA:188,8
DA:189,16
DA:190,8
DA:191,0
DA:192,0
DA:193,0
DA:194,0
DA:195,0
DA:196,0
DA:197,0
DA:198,0
DA:199,0
DA:200,8
DA:201,8
DA:202,8
DA:203,16
DA:204,0
DA:205,0
DA:206,0
DA:207,0
DA:208,0
DA:209,0
DA:210,16
DA:211,0
DA:212,0
DA:213,0
DA:214,0
DA:215,0
DA:216,0
DA:217,0
DA:218,0
DA:219,0
DA:220,0
DA:221,0
DA:222,8
DA:223,8
DA:224,8
DA:225,8
DA:226,8
DA:227,0
DA:228,0
DA:229,8
DA:230,0
DA:231,8
DA:232,8
DA:233,8
DA:234,8
DA:235,8
DA:236,8
DA:237,1
DA:238,1
LH:175
LF:238
end_of_record
SF:src/textile/builder.js
FN:29,builder
FN:38,add
FN:43,anonymous_2
FN:53,merge
FN:60,linebreak
FN:66,get
FNDA:15,builder
FNDA:29,add
FNDA:24,anonymous_2
FNDA:7,merge
FNDA:8,linebreak
FNDA:15,get
FNF:6
FNH:6
BRDA:1,0,0,1
BRDA:29,1,0,15
BRDA:31,2,0,0
BRDA:38,3,0,29
BRDA:39,4,0,21
BRDA:39,5,0,14
BRDA:42,6,0,15
BRDA:42,7,0,8
BRDA:44,8,0,7
BRDA:43,9,0,24
BRDA:53,10,0,7
BRDA:60,11,0,8
BRDA:61,12,0,0
BRDA:66,13,0,15
BRF:14
BRH:12
DA:1,1
DA:2,1
DA:3,1
DA:4,1
DA:5,1
DA:6,1
DA:7,1
DA:8,1
DA:9,1
DA:10,1
DA:11,1
DA:12,1
DA:13,1
DA:14,1
DA:15,1
DA:16,1
DA:17,1
DA:18,1
DA:19,1
DA:20,1
DA:21,1
DA:22,1
DA:23,1
DA:24,1
DA:25,1
DA:26,1
DA:27,1
DA:28,1
DA:29,1
DA:30,15
DA:31,15
DA:32,15
DA:33,15
DA:34,15
DA:35,15
DA:36,15
DA:37,15
DA:38,15
DA:39,29
DA:40,14
DA:41,14
DA:42,29
DA:43,8
DA:44,15
DA:45,7
DA:46,7
DA:47,29
DA:48,15
DA:49,15
DA:50,15
DA:51,15
DA:52,15
DA:53,15
DA:54,7
DA:55,7
DA:56,7
DA:57,7
DA:58,15
DA:59,15
DA:60,15
DA:61,8
DA:62,0
DA:63,0
DA:64,15
DA:65,15
DA:66,15
DA:67,15
DA:68,15
DA:69,15
DA:70,15
LH:68
LF:70
end_of_record
SF:src/textile/fixlinks.js
FN:7,fixLinks
FNDA:0,fixLinks
FNF:1
FNH:0
BRDA:1,0,0,1
BRF:1
BRH:1
DA:1,1
DA:2,1
DA:3,1
DA:4,1
DA:5,1
DA:6,1
DA:7,1
DA:8,0
DA:9,0
DA:10,0
DA:11,0
DA:12,0
DA:13,0
DA:14,0
DA:15,0
DA:16,0
DA:17,0
DA:18,0
DA:19,0
DA:20,0
DA:21,0
DA:22,0
DA:23,0
LH:7
LF:23
end_of_record
SF:src/textile/flow.js
FN:29,testDefList
FN:32,parseDefList
FN:105,extend
FN:119,paragraph
FN:122,anonymous_4
FN:148,parseFlow
FNDA:0,testDefList
FNDA:0,parseDefList
FNDA:0,extend
FNDA:7,paragraph
FNDA:7,anonymous_4
FNDA:8,parseFlow
FNF:6
FNH:3
BRDA:1,0,0,1
BRDA:119,1,0,7
BRDA:120,2,0,0
BRDA:122,3,0,7
BRDA:123,4,0,0
BRDA:123,5,0,0
BRDA:128,6,0,0
BRDA:134,7,0,0
BRDA:148,8,0,8
BRDA:153,9,0,0
BRDA:167,10,0,0
BRDA:193,11,0,0
BRDA:194,12,0,7
BRDA:194,13,0,1
BRDA:195,14,0,0
BRDA:200,15,0,0
BRDA:219,16,0,1
BRDA:220,17,0,0
BRDA:224,18,0,0
BRDA:226,19,0,7
BRDA:226,20,0,0
BRDA:228,21,0,0
BRDA:230,22,0,0
BRDA:235,23,0,0
BRDA:257,24,0,0
BRDA:260,25,0,0
BRDA:393,26,0,0
BRF:27
BRH:8
DA:1,1
DA:2,1
DA:3,1
DA:4,1
DA:5,1
DA:6,1
DA:7,1
DA:8,1
DA:9,1
DA:10,1
DA:11,1
DA:12,1
DA:13,1
DA:14,1
DA:15,1
DA:16,1
DA:17,1
DA:18,1
DA:19,1
DA:20,1
DA:21,1
DA:22,1
DA:23,1
DA:24,1
DA:25,1
DA:26,1
DA:27,1
DA:28,1
DA:29,0
DA:30,0
DA:31,0
DA:32,0
DA:33,0
DA:34,0
DA:35,0
DA:36,0
DA:37,0
DA:38,0
DA:39,0
DA:40,0
DA:41,0
DA:42,0
DA:43,0
DA:44,0
DA:45,0
DA:46,0
DA:47,0
DA:48,0
DA:49,0
DA:50,0
DA:51,0
DA:52,0
DA:53,0
DA:54,0
DA:55,0
DA:56,0
DA:57,0
DA:58,0
DA:59,0
DA:60,0
DA:61,0
DA:62,0
DA:63,0
DA:64,0
DA:65,0
DA:66,0
DA:67,0
DA:68,0
DA:69,1
DA:70,1
DA:71,1
DA:72,1
DA:73,1
DA:74,1
DA:75,1
DA:76,1
DA:77,1
DA:78,1
DA:79,1
DA:80,1
DA:81,1
DA:82,1
DA:83,1
DA:84,1
DA:85,1
DA:86,1
DA:87,1
DA:88,1
DA:89,1
DA:90,1
DA:91,1
DA:92,1
DA:93,1
DA:94,1
DA:95,1
DA:96,1
DA:97,1
DA:98,1
DA:99,1
DA:100,1
DA:101,1
DA:102,1
DA:103,1
DA:104,1
DA:105,0
DA:106,0
DA:107,0
DA:108,0
DA:109,0
DA:110,0
DA:111,0
DA:112,0
DA:113,0
DA:114,0
DA:115,0
DA:116,0
DA:117,0
DA:118,1
DA:119,7
DA:120,7
DA:121,7
DA:122,7
DA:123,7
DA:124,0
DA:125,0
DA:126,0
DA:127,7
DA:128,7
DA:129,0
DA:130,0
DA:131,7
DA:132,7
DA:133,7
DA:134,7
DA:135,7
DA:136,7
DA:137,7
DA:138,7
DA:139,7
DA:140,1
DA:141,1
DA:142,1
DA:143,1
DA:144,1
DA:145,1
DA:146,1
DA:147,1
DA:148,1
DA:149,8
DA:150,8
DA:151,8
DA:152,8
DA:153,8
DA:154,8
DA:155,8
DA:156,8
DA:157,8
DA:158,8
DA:159,8
DA:160,8
DA:161,8
DA:162,8
DA:163,8
DA:164,8
DA:165,8
DA:166,8
DA:167,8
DA:168,0
DA:169,0
DA:170,0
DA:171,0
DA:172,0
DA:173,0
DA:174,0
DA:175,8
DA:176,8
DA:177,8
DA:178,8
DA:179,8
DA:180,8
DA:181,8
DA:182,8
DA:183,8
DA:184,8
DA:185,8
DA:186,8
DA:187,8
DA:188,8
DA:189,8
DA:190,8
DA:191,8
DA:192,8
DA:193,8
DA:194,8
DA:195,1
DA:196,1
DA:197,8
DA:198,8
DA:199,8
DA:200,8
DA:201,0
DA:202,0
DA:203,0
DA:204,0
DA:205,0
DA:206,0
DA:207,0
DA:208,0
DA:209,0
DA:210,0
DA:211,0
DA:212,0
DA:213,0
DA:214,0
DA:215,0
DA:216,0
DA:217,0
DA:218,0
DA:219,8
DA:220,1
DA:221,1
DA:222,1
DA:223,1
DA:224,1
DA:225,1
DA:226,8
DA:227,0
DA:228,7
DA:229,0
DA:230,7
DA:231,0
DA:232,0
DA:233,0
DA:234,0
DA:235,7
DA:236,0
DA:237,0
DA:238,0
DA:239,0
DA:240,0
DA:241,0
DA:242,0
DA:243,0
DA:244,0
DA:245,0
DA:246,0
DA:247,0
DA:248,0
DA:249,0
DA:250,0
DA:251,0
DA:252,7
DA:253,7
DA:254,7
DA:255,7
DA:256,8
DA:257,8
DA:258,0
DA:259,0
DA:260,8
DA:261,0
DA:262,0
DA:263,0
DA:264,0
DA:265,0
DA:266,0
DA:267,0
DA:268,0
DA:269,0
DA:270,0
DA:271,0
DA:272,0
DA:273,0
DA:274,0
DA:275,0
DA:276,0
DA:277,0
DA:278,0
DA:279,0
DA:280,0
DA:281,0
DA:282,0
DA:283,0
DA:284,0
DA:285,0
DA:286,0
DA:287,0
DA:288,0
DA:289,0
DA:290,0
DA:291,0
DA:292,0
DA:293,0
DA:294,0
DA:295,0
DA:296,0
DA:297,0
DA:298,0
DA:299,0
DA:300,0
DA:301,0
DA:302,0
DA:303,0
DA:304,0
DA:305,0
DA:306,0
DA:307,0
DA:308,0
DA:309,0
DA:310,0
DA:311,0
DA:312,0
DA:313,0
DA:314,0
DA:315,0
DA:316,0
DA:317,0
DA:318,0
DA:319,0
DA:320,0
DA:321,0
DA:322,0
DA:323,0
DA:324,0
DA:325,0
DA:326,0
DA:327,0
DA:328,0
DA:329,0
DA:330,0
DA:331,0
DA:332,0
DA:333,0
DA:334,0
DA:335,0
DA:336,0
DA:337,0
DA:338,0
DA:339,0
DA:340,0
DA:341,0
DA:342,0
DA:343,0
DA:344,0
DA:345,0
DA:346,0
DA:347,0
DA:348,0
DA:349,0
DA:350,0
DA:351,0
DA:352,0
DA:353,0
DA:354,0
DA:355,0
DA:356,0
DA:357,0
DA:358,0
DA:359,0
DA:360,0
DA:361,0
DA:362,0
DA:363,0
DA:364,0
DA:365,0
DA:366,0
DA:367,0
DA:368,0
DA:369,0
DA:370,0
DA:371,0
DA:372,0
DA:373,0
DA:374,0
DA:375,0
DA:376,0
DA:377,0
DA:378,0
DA:379,0
DA:380,0
DA:381,0
DA:382,0
DA:383,0
DA:384,0
DA:385,0
DA:386,0
DA:387,0
DA:388,0
DA:389,0
DA:390,0
DA:391,0
DA:392,8
DA:393,8
DA:394,8
LH:156
LF:394
end_of_record
SF:src/textile/glyph.js
FN:19,parseGlyph
FNDA:7,parseGlyph
FNF:1
FNH:1
BRDA:1,0,0,1
BRDA:19,1,0,7
BRDA:20,2,0,0
BRF:3
BRH:2
DA:1,1
DA:2,1
DA:3,1
DA:4,1
DA:5,1
DA:6,1
DA:7,1
DA:8,1
DA:9,1
DA:10,1
DA:11,1
DA:12,1
DA:13,1
DA:14,1
DA:15,1
DA:16,1
DA:17,1
DA:18,1
DA:19,1
DA:20,7
DA:21,0
DA:22,0
DA:23,7
DA:24,7
DA:25,7
DA:26,7
DA:27,7
DA:28,7
DA:29,7
DA:30,7
DA:31,7
DA:32,7
DA:33,7
DA:34,7
DA:35,7
DA:36,7
DA:37,7
DA:38,7
DA:39,7
DA:40,7
DA:41,7
DA:42,7
DA:43,7
DA:44,7
DA:45,7
DA:46,7
DA:47,7
DA:48,7
DA:49,7
DA:50,7
LH:48
LF:50
end_of_record
SF:src/textile/html.js
FN:33,testComment
FN:37,testOpenTagBlock
FN:41,testOpenTag
FN:45,testCloseTag
FN:49,parseHtmlAttr
FN:68,tokenize
FN:168,parseHtml
FNDA:21,testComment
FNDA:0,testOpenTagBlock
FNDA:21,testOpenTag
FNDA:0,testCloseTag
FNDA:0,parseHtmlAttr
FNDA:0,tokenize
FNDA:0,parseHtml
FNF:7
FNH:2
BRDA:1,0,0,1
BRDA:33,1,0,21
BRDA:41,2,0,21
BRF:3
BRH:3
DA:1,1
DA:2,1
DA:3,1
DA:4,1
DA:5,1
DA:6,1
DA:7,1
DA:8,1
DA:9,1
DA:10,1
DA:11,1
DA:12,1
DA:13,1
DA:14,1
DA:15,1
DA:16,1
DA:17,1
DA:18,1
DA:19,1
DA:20,1
DA:21,1
DA:22,1
DA:23,1
DA:24,1
DA:25,1
DA:26,1
DA:27,1
DA:28,1
DA:29,1
DA:30,1
DA:31,1
DA:32,1
DA:33,21
DA:34,21
DA:35,21
DA:36,1
DA:37,0
DA:38,0
DA:39,0
DA:40,1
DA:41,21
DA:42,21
DA:43,21
DA:44,1
DA:45,0
DA:46,0
DA:47,0
DA:48,1
DA:49,0
DA:50,0
DA:51,0
DA:52,0
DA:53,0
DA:54,0
DA:55,0
DA:56,0
DA:57,0
DA:58,0
DA:59,0
DA:60,1
DA:61,1
DA:62,1
DA:63,1
DA:64,1
DA:65,1
DA:66,1
DA:67,1
DA:68,0
DA:69,0
DA:70,0
DA:71,0
DA:72,0
DA:73,0
DA:74,0
DA:75,0
DA:76,0
DA:77,0
DA:78,0
DA:79,0
DA:80,0
DA:81,0
DA:82,0
DA:83,0
DA:84,0
DA:85,0
DA:86,0
DA:87,0
DA:88,0
DA:89,0
DA:90,0
DA:91,0
DA:92,0
DA:93,0
DA:94,0
DA:95,0
DA:96,0
DA:97,0
DA:98,0
DA:99,0
DA:100,0
DA:101,0
DA:102,0
DA:103,0
DA:104,0
DA:105,0
DA:106,0
DA:107,0
DA:108,0
DA:109,0
DA:110,0
DA:111,0
DA:112,0
DA:113,0
DA:114,0
DA:115,0
DA:116,0
DA:117,0
DA:118,0
DA:119,0
DA:120,0
DA:121,0
DA:122,0
DA:123,0
DA:124,0
DA:125,0
DA:126,0
DA:127,0
DA:128,0
DA:129,0
DA:130,0
DA:131,0
DA:132,0
DA:133,0
DA:134,0
DA:135,0
DA:136,0
DA:137,0
DA:138,0
DA:139,0
DA:140,0
DA:141,0
DA:142,0
DA:143,0
DA:144,0
DA:145,0
DA:146,0
DA:147,0
DA:148,0
DA:149,0
DA:150,0
DA:151,0
DA:152,0
DA:153,0
DA:154,0
DA:155,0
DA:156,0
DA:157,0
DA:158,0
DA:159,0
DA:160,0
DA:161,0
DA:162,0
DA:163,0
DA:164,0
DA:165,1
DA:166,1
DA:167,1
DA:168,0
DA:169,0
DA:170,0
DA:171,0
DA:172,0
DA:173,0
DA:174,0
DA:175,0
DA:176,0
DA:177,0
DA:178,0
DA:179,0
DA:180,0
DA:181,0
DA:182,0
DA:183,0
DA:184,0
DA:185,0
DA:186,0
DA:187,0
DA:188,0
DA:189,0
DA:190,0
DA:191,0
DA:192,0
DA:193,0
DA:194,0
DA:195,0
DA:196,0
DA:197,0
DA:198,0
DA:199,0
DA:200,0
DA:201,0
DA:202,0
DA:203,0
DA:204,0
DA:205,0
DA:206,0
DA:207,0
DA:208,1
DA:209,1
DA:210,1
DA:211,1
DA:212,1
DA:213,1
DA:214,1
DA:215,1
DA:216,1
DA:217,1
DA:218,1
LH:64
LF:218
end_of_record
SF:src/textile/jsonml.js
FN:4,reIndent
FN:25,escape
FN:41,toHTML
FNDA:0,reIndent
FNDA:25,escape
FNDA:17,toHTML
FNF:3
FNH:2
BRDA:1,0,0,1
BRDA:25,1,0,25
BRDA:33,2,0,17
BRDA:33,3,0,8
BRDA:34,4,0,17
BRDA:34,5,0,8
BRDA:41,6,0,17
BRDA:45,7,0,8
BRDA:47,8,0,9
BRDA:56,9,0,9
BRDA:58,10,0,9
BRDA:69,11,0,0
BRDA:71,12,0,9
BRDA:74,13,0,0
BRDA:76,14,0,9
BRDA:76,15,0,0
BRDA:76,16,0,0
BRF:17
BRH:13
DA:1,1
DA:2,1
DA:3,1
DA:4,0
DA:5,0
DA:6,0
DA:7,0
DA:8,0
DA:9,0
DA:10,0
DA:11,0
DA:12,0
DA:13,0
DA:14,0
DA:15,0
DA:16,0
DA:17,0
DA:18,0
DA:19,0
DA:20,0
DA:21,0
DA:22,0
DA:23,0
DA:24,1
DA:25,25
DA:26,25
DA:27,25
DA:28,25
DA:29,25
DA:30,25
DA:31,25
DA:32,25
DA:33,25
DA:34,25
DA:35,25
DA:36,1
DA:37,1
DA:38,1
DA:39,1
DA:40,1
DA:41,17
DA:42,17
DA:43,17
DA:44,17
DA:45,17
DA:46,8
DA:47,8
DA:48,9
DA:49,9
DA:50,9
DA:51,9
DA:52,9
DA:53,9
DA:54,9
DA:55,9
DA:56,17
DA:57,9
DA:58,17
DA:59,9
DA:60,9
DA:61,9
DA:62,9
DA:63,9
DA:64,9
DA:65,9
DA:66,17
DA:67,17
DA:68,17
DA:69,17
DA:70,17
DA:71,17
DA:72,9
DA:73,9
DA:74,17
DA:75,0
DA:76,17
DA:77,0
DA:78,9
DA:79,9
DA:80,9
DA:81,17
DA:82,1
DA:83,1
LH:61
LF:83
end_of_record
SF:src/textile/list.js
FN:16,listPad
FN:24,testList
FN:28,parseList
FNDA:0,listPad
FNDA:0,testList
FNDA:0,parseList
FNF:3
FNH:0
BRDA:1,0,0,1
BRF:1
BRH:1
DA:1,1
DA:2,1
DA:3,1
DA:4,1
DA:5,1
DA:6,1
DA:7,1
DA:8,1
DA:9,1
DA:10,1
DA:11,1
DA:12,1
DA:13,1
DA:14,1
DA:15,1
DA:16,0
DA:17,0
DA:18,0
DA:19,0
DA:20,0
DA:21,0
DA:22,0
DA:23,1
DA:24,0
DA:25,0
DA:26,0
DA:27,1
DA:28,0
DA:29,0
DA:30,0
DA:31,0
DA:32,0
DA:33,0
DA:34,0
DA:35,0
DA:36,0
DA:37,0
DA:38,0
DA:39,0
DA:40,0
DA:41,0
DA:42,0
DA:43,0
DA:44,0
DA:45,0
DA:46,0
DA:47,0
DA:48,0
DA:49,0
DA:50,0
DA:51,0
DA:52,0
DA:53,0
DA:54,0
DA:55,0
DA:56,0
DA:57,0
DA:58,0
DA:59,0
DA:60,0
DA:61,0
DA:62,0
DA:63,0
DA:64,0
DA:65,0
DA:66,0
DA:67,0
DA:68,0
DA:69,0
DA:70,0
DA:71,0
DA:72,0
DA:73,0
DA:74,0
DA:75,0
DA:76,0
DA:77,0
DA:78,0
DA:79,0
DA:80,0
DA:81,0
DA:82,0
DA:83,0
DA:84,0
DA:85,0
DA:86,0
DA:87,0
DA:88,0
DA:89,0
DA:90,0
DA:91,0
DA:92,0
DA:93,0
DA:94,0
DA:95,0
DA:96,0
DA:97,0
DA:98,0
DA:99,0
DA:100,0
DA:101,0
DA:102,0
DA:103,0
DA:104,0
DA:105,0
DA:106,0
DA:107,0
DA:108,0
DA:109,0
DA:110,0
DA:111,0
DA:112,0
DA:113,0
DA:114,0
DA:115,0
DA:116,0
DA:117,0
DA:118,0
DA:119,0
DA:120,0
DA:121,0
DA:122,0
DA:123,0
DA:124,0
DA:125,0
DA:126,0
DA:127,0
DA:128,0
DA:129,0
DA:130,0
DA:131,0
DA:132,0
DA:133,0
DA:134,0
DA:135,0
DA:136,0
DA:137,0
DA:138,0
DA:139,0
DA:140,0
DA:141,0
DA:142,1
DA:143,1
LH:19
LF:143
end_of_record
SF:src/textile/merge.js
FN:1,merge
FNDA:0,merge
FNF:1
FNH:0
BRDA:1,0,0,1
BRF:1
BRH:1
DA:1,1
DA:2,0
DA:3,0
DA:4,0
DA:5,0
DA:6,0
DA:7,0
DA:8,0
LH:1
LF:8
end_of_record
SF:src/textile/pharse.js
FN:53,parsePhrase
FNDA:21,parsePhrase
FNF:1
FNH:1
BRDA:1,0,0,1
BRDA:53,1,0,7
BRDA:60,2,0,21
BRDA:64,3,0,0
BRDA:67,4,0,0
BRDA:79,5,0,0
BRDA:87,6,0,14
BRDA:89,7,0,0
BRDA:89,8,0,0
BRDA:132,9,0,0
BRDA:151,10,0,0
BRDA:158,11,0,0
BRDA:194,12,0,0
BRDA:194,13,0,0
BRDA:207,14,0,0
BRDA:219,15,0,14
BRDA:219,16,0,0
BRDA:252,17,0,0
BRDA:252,18,0,0
BRF:19
BRH:5
DA:1,1
DA:2,1
DA:3,1
DA:4,1
DA:5,1
DA:6,1
DA:7,1
DA:8,1
DA:9,1
DA:10,1
DA:11,1
DA:12,1
DA:13,1
DA:14,1
DA:15,1
DA:16,1
DA:17,1
DA:18,1
DA:19,1
DA:20,1
DA:21,1
DA:22,1
DA:23,1
DA:24,1
DA:25,1
DA:26,1
DA:27,1
DA:28,1
DA:29,1
DA:30,1
DA:31,1
DA:32,1
DA:33,1
DA:34,1
DA:35,1
DA:36,1
DA:37,1
DA:38,1
DA:39,1
DA:40,1
DA:41,1
DA:42,1
DA:43,1
DA:44,1
DA:45,1
DA:46,1
DA:47,1
DA:48,1
DA:49,1
DA:50,1
DA:51,1
DA:52,1
DA:53,1
DA:54,7
DA:55,7
DA:56,7
DA:57,7
DA:58,7
DA:59,7
DA:60,7
DA:61,21
DA:62,21
DA:63,21
DA:64,21
DA:65,0
DA:66,0
DA:67,21
DA:68,0
DA:69,0
DA:70,0
DA:71,0
DA:72,0
DA:73,0
DA:74,0
DA:75,0
DA:76,0
DA:77,21
DA:78,21
DA:79,21
DA:80,0
DA:81,0
DA:82,0
DA:83,0
DA:84,21
DA:85,21
DA:86,21
DA:87,21
DA:88,21
DA:89,21
DA:90,0
DA:91,0
DA:92,0
DA:93,0
DA:94,0
DA:95,0
DA:96,0
DA:97,0
DA:98,0
DA:99,0
DA:100,0
DA:101,0
DA:102,0
DA:103,0
DA:104,0
DA:105,0
DA:106,0
DA:107,0
DA:108,0
DA:109,0
DA:110,0
DA:111,0
DA:112,0
DA:113,0
DA:114,0
DA:115,0
DA:116,0
DA:117,0
DA:118,0
DA:119,0
DA:120,0
DA:121,0
DA:122,0
DA:123,0
DA:124,0
DA:125,0
DA:126,0
DA:127,0
DA:128,0
DA:129,0
DA:130,21
DA:131,21
DA:132,21
DA:133,0
DA:134,0
DA:135,0
DA:136,0
DA:137,0
DA:138,0
DA:139,0
DA:140,0
DA:141,0
DA:142,0
DA:143,0
DA:144,0
DA:145,0
DA:146,0
DA:147,0
DA:148,0
DA:149,21
DA:150,21
DA:151,21
DA:152,0
DA:153,0
DA:154,0
DA:155,0
DA:156,21
DA:157,21
DA:158,21
DA:159,0
DA:160,0
DA:161,0
DA:162,0
DA:163,0
DA:164,0
DA:165,0
DA:166,0
DA:167,0
DA:168,0
DA:169,0
DA:170,0
DA:171,0
DA:172,0
DA:173,0
DA:174,0
DA:175,0
DA:176,0
DA:177,0
DA:178,0
DA:179,0
DA:180,0
DA:181,0
DA:182,0
DA:183,0
DA:184,0
DA:185,0
DA:186,0
DA:187,0
DA:188,0
DA:189,0
DA:190,0
DA:191,0
DA:192,21
DA:193,21
DA:194,21
DA:195,0
DA:196,0
DA:197,0
DA:198,0
DA:199,0
DA:200,0
DA:201,0
DA:202,0
DA:203,0
DA:204,0
DA:205,21
DA:206,21
DA:207,21
DA:208,0
DA:209,0
DA:210,0
DA:211,0
DA:212,0
DA:213,0
DA:214,0
DA:215,0
DA:216,0
DA:217,21
DA:218,21
DA:219,21
DA:220,0
DA:221,0
DA:222,0
DA:223,0
DA:224,0
DA:225,0
DA:226,0
DA:227,0
DA:228,0
DA:229,0
DA:230,0
DA:231,0
DA:232,0
DA:233,0
DA:234,0
DA:235,0
DA:236,0
DA:237,0
DA:238,0
DA:239,0
DA:240,0
DA:241,0
DA:242,0
DA:243,0
DA:244,0
DA:245,0
DA:246,21
DA:247,21
DA:248,21
DA:249,21
DA:250,21
DA:251,21
DA:252,21
DA:253,7
DA:254,7
DA:255,7
DA:256,7
LH:103
LF:256
end_of_record
SF:src/textile/re_ext.js
FNF:0
FNH:0
BRDA:1,0,0,1
BRF:1
BRH:1
DA:1,1
DA:2,1
DA:3,1
DA:4,1
DA:5,1
DA:6,1
DA:7,1
DA:8,1
DA:9,1
DA:10,1
DA:11,1
DA:12,1
DA:13,1
DA:14,1
DA:15,1
DA:16,1
DA:17,1
DA:18,1
DA:19,1
DA:20,1
DA:21,1
DA:22,1
DA:23,1
DA:24,1
DA:25,1
DA:26,1
DA:27,1
DA:28,1
DA:29,1
DA:30,1
DA:31,1
DA:32,1
DA:33,1
DA:34,1
DA:35,1
LH:35
LF:35
end_of_record
SF:src/textile/re.js
FN:17,escape
FN:21,collapse
FN:25,expandPatterns
FN:27,anonymous_3
FN:37,isRegExp
FN:41,compile
FNDA:0,escape
FNDA:0,collapse
FNDA:51,expandPatterns
FNDA:28,anonymous_3
FNDA:23,isRegExp
FNDA:23,compile
FNF:6
FNH:4
BRDA:1,0,0,1
BRDA:25,1,0,51
BRDA:27,2,0,28
BRDA:31,3,0,0
BRDA:37,4,0,23
BRDA:41,5,0,23
BRDA:43,6,0,14
BRDA:46,7,0,4
BRDA:46,8,0,10
BRDA:47,9,0,0
BRDA:48,10,0,0
BRDA:53,11,0,10
BRDA:54,12,0,0
BRDA:60,13,0,13
BRDA:60,14,0,0
BRDA:64,15,0,13
BRDA:64,16,0,9
BRDA:69,17,0,10
BRF:18
BRH:13
DA:1,1
DA:2,1
DA:3,1
DA:4,1
DA:5,1
DA:6,1
DA:7,1
DA:8,1
DA:9,1
DA:10,1
DA:11,1
DA:12,1
DA:13,1
DA:14,1
DA:15,1
DA:16,1
DA:17,1
DA:18,0
DA:19,1
DA:20,1
DA:21,1
DA:22,0
DA:23,1
DA:24,1
DA:25,1
DA:26,51
DA:27,51
DA:28,28
DA:29,28
DA:30,28
DA:31,28
DA:32,0
DA:33,0
DA:34,51
DA:35,1
DA:36,1
DA:37,1
DA:38,23
DA:39,1
DA:40,1
DA:41,1
DA:42,23
DA:43,23
DA:44,14
DA:45,14
DA:46,14
DA:47,14
DA:48,14
DA:49,14
DA:50,23
DA:51,23
DA:52,23
DA:53,23
DA:54,23
DA:55,0
DA:56,0
DA:57,23
DA:58,23
DA:59,23
DA:60,23
DA:61,0
DA:62,0
DA:63,23
DA:64,23
DA:65,9
DA:66,9
DA:67,23
DA:68,23
DA:69,23
DA:70,23
DA:71,1
DA:72,1
DA:73,1
DA:74,1
LH:66
LF:74
end_of_record
SF:src/textile/ribbon.js
FN:1,ribbon
FN:6,index
FN:10,save
FN:15,load
FN:21,advance
FN:27,skipWS
FN:37,lookbehind
FN:42,startsWith
FN:46,slice
FN:50,valueOf
FN:54,toString
FNDA:15,ribbon
FNDA:0,index
FNDA:29,save
FNDA:0,load
FNDA:53,advance
FNDA:0,skipWS
FNDA:21,lookbehind
FNDA:42,startsWith
FNDA:0,slice
FNDA:37,valueOf
FNDA:256,toString
FNF:11
FNH:7
BRDA:1,0,0,1
BRDA:1,1,0,15
BRDA:10,2,0,29
BRDA:21,3,0,53
BRDA:22,4,0,24
BRDA:22,5,0,29
BRDA:37,6,0,21
BRDA:38,7,0,0
BRDA:42,8,0,42
BRDA:50,9,0,37
BRDA:54,10,0,256
BRF:11
BRH:10
DA:1,1
DA:2,15
DA:3,15
DA:4,15
DA:5,15
DA:6,15
DA:7,0
DA:8,15
DA:9,15
DA:10,15
DA:11,29
DA:12,29
DA:13,15
DA:14,15
DA:15,15
DA:16,0
DA:17,0
DA:18,0
DA:19,15
DA:20,15
DA:21,15
DA:22,53
DA:23,53
DA:24,53
DA:25,15
DA:26,15
DA:27,15
DA:28,0
DA:29,0
DA:30,0
DA:31,0
DA:32,0
DA:33,0
DA:34,0
DA:35,15
DA:36,15
DA:37,15
DA:38,21
DA:39,21
DA:40,15
DA:41,15
DA:42,15
DA:43,42
DA:44,15
DA:45,15
DA:46,15
DA:47,0
DA:48,15
DA:49,15
DA:50,15
DA:51,37
DA:52,15
DA:53,15
DA:54,15
DA:55,256
DA:56,15
DA:57,15
DA:58,15
DA:59,15
DA:60,15
LH:48
LF:60
end_of_record
SF:src/textile/table.js
FN:30,parseColgroup
FN:56,testTable
FN:60,parseTable
FNDA:0,parseColgroup
FNDA:0,testTable
FNDA:0,parseTable
FNF:3
FNH:0
BRDA:1,0,0,1
BRF:1
BRH:1
DA:1,1
DA:2,1
DA:3,1
DA:4,1
DA:5,1
DA:6,1
DA:7,1
DA:8,1
DA:9,1
DA:10,1
DA:11,1
DA:12,1
DA:13,1
DA:14,1
DA:15,1
DA:16,1
DA:17,1
DA:18,1
DA:19,1
DA:20,1
DA:21,1
DA:22,1
DA:23,1
DA:24,1
DA:25,1
DA:26,1
DA:27,1
DA:28,1
DA:29,1
DA:30,0
DA:31,0
DA:32,0
DA:33,0
DA:34,0
DA:35,0
DA:36,0
DA:37,0
DA:38,0
DA:39,0
DA:40,0
DA:41,0
DA:42,0
DA:43,0
DA:44,0
DA:45,0
DA:46,0
DA:47,0
DA:48,0
DA:49,0
DA:50,0
DA:51,0
DA:52,0
DA:53,0
DA:54,0
DA:55,1
DA:56,0
DA:57,0
DA:58,0
DA:59,1
DA:60,0
DA:61,0
DA:62,0
DA:63,0
DA:64,0
DA:65,0
DA:66,0
DA:67,0
DA:68,0
DA:69,0
DA:70,0
DA:71,0
DA:72,0
DA:73,0
DA:74,0
DA:75,0
DA:76,0
DA:77,0
DA:78,0
DA:79,0
DA:80,0
DA:81,0
DA:82,0
DA:83,0
DA:84,0
DA:85,0
DA:86,0
DA:87,0
DA:88,0
DA:89,0
DA:90,0
DA:91,0
DA:92,0
DA:93,0
DA:94,0
DA:95,0
DA:96,0
DA:97,0
DA:98,0
DA:99,0
DA:100,0
DA:101,0
DA:102,0
DA:103,0
DA:104,0
DA:105,0
DA:106,0
DA:107,0
DA:108,0
DA:109,0
DA:110,0
DA:111,0
DA:112,0
DA:113,0
DA:114,0
DA:115,0
DA:116,0
DA:117,0
DA:118,0
DA:119,0
DA:120,0
DA:121,0
DA:122,0
DA:123,0
DA:124,0
DA:125,0
DA:126,0
DA:127,0
DA:128,0
DA:129,0
DA:130,0
DA:131,0
DA:132,0
DA:133,0
DA:134,0
DA:135,0
DA:136,0
DA:137,0
DA:138,0
DA:139,0
DA:140,0
DA:141,0
DA:142,0
DA:143,0
DA:144,0
DA:145,0
DA:146,0
DA:147,0
DA:148,0
DA:149,0
DA:150,0
DA:151,0
DA:152,0
DA:153,0
DA:154,0
DA:155,0
DA:156,0
DA:157,0
DA:158,0
DA:159,0
DA:160,0
DA:161,0
DA:162,0
DA:163,0
DA:164,0
DA:165,0
DA:166,0
DA:167,0
DA:168,0
DA:169,0
DA:170,0
DA:171,0
DA:172,0
DA:173,0
DA:174,0
DA:175,0
DA:176,0
DA:177,0
DA:178,0
DA:179,0
DA:180,0
DA:181,0
DA:182,0
DA:183,0
DA:184,0
DA:185,0
DA:186,0
DA:187,0
DA:188,0
DA:189,0
DA:190,0
DA:191,0
DA:192,0
DA:193,0
DA:194,0
DA:195,0
DA:196,0
DA:197,0
DA:198,0
DA:199,0
DA:200,0
DA:201,0
DA:202,0
DA:203,0
DA:204,0
DA:205,0
DA:206,1
DA:207,1
LH:33
LF:207
end_of_record
SF:tests/classId.test.js
FN:6,anonymous_0
FN:12,anonymous_1
FN:13,anonymous_2
FN:20,anonymous_3
FN:28,anonymous_4
FN:35,anonymous_5
FN:42,anonymous_6
FN:49,anonymous_7
FN:56,anonymous_8
FN:63,anonymous_9
FNDA:1,anonymous_0
FNDA:1,anonymous_1
FNDA:1,anonymous_2
FNDA:1,anonymous_3
FNDA:1,anonymous_4
FNDA:1,anonymous_5
FNDA:1,anonymous_6
FNDA:1,anonymous_7
FNDA:1,anonymous_8
FNDA:1,anonymous_9
FNF:10
FNH:10
BRDA:1,0,0,1
BRDA:6,1,0,1
BRDA:12,2,0,1
BRDA:13,3,0,1
BRDA:20,4,0,1
BRDA:28,5,0,1
BRDA:35,6,0,1
BRDA:42,7,0,1
BRDA:49,8,0,1
BRDA:56,9,0,1
BRDA:63,10,0,1
BRF:11
BRH:11
DA:1,1
DA:2,1
DA:3,1
DA:4,1
DA:5,1
DA:6,1
DA:7,1
DA:8,1
DA:9,1
DA:10,1
DA:11,1
DA:12,1
DA:13,1
DA:14,1
DA:15,1
DA:16,1
DA:17,1
DA:18,1
DA:19,1
DA:20,1
DA:21,1
DA:22,1
DA:23,1
DA:24,1
DA:25,1
DA:26,1
DA:27,1
DA:28,1
DA:29,1
DA:30,1
DA:31,1
DA:32,1
DA:33,1
DA:34,1
DA:35,1
DA:36,1
DA:37,1
DA:38,1
DA:39,1
DA:40,1
DA:41,1
DA:42,1
DA:43,1
DA:44,1
DA:45,1
DA:46,1
DA:47,1
DA:48,1
DA:49,1
DA:50,1
DA:51,1
DA:52,1
DA:53,1
DA:54,1
DA:55,1
DA:56,1
DA:57,1
DA:58,1
DA:59,1
DA:60,1
DA:61,1
DA:62,1
DA:63,1
DA:64,1
DA:65,1
DA:66,1
DA:67,1
DA:68,1
DA:69,1
DA:70,1
DA:71,1
LH:71
LF:71
end_of_record
